<?xml version="1.0" encoding="UTF-8"?>
<!-- Generated by org.testng.reporters.JUnitReportReporter -->
<testsuite hostname="DESKTOP-LJ5JIQR" failures="0" tests="1" name="runner.TestNGRunner" time="0.153" errors="0" timestamp="2024-06-08T13:03:24 IST" skipped="0">
  <testcase classname="runner.TestNGRunner" name="runScenario" time="0.153"/>
  <system-out/>
</testsuite> <!-- runner.TestNGRunner -->
